<?xml version="1.0" encoding="UTF-8"?>
<!-- Generated by org.testng.reporters.JUnitXMLReporter -->
<testsuite hostname="DESKTOP-JRRFFRB" name="Default test" tests="4" failures="0" timestamp="31 Jan 2022 06:44:19 GMT" time="0.035" errors="0">
  <testcase name="@BeforeTest setUp" time="0.0" classname="jan31.CrossBrowerTesting">
    <failure type="org.testng.TestNGException" message="
Parameter &amp;apos;Browser&amp;apos; is required by @Configuration on method setUp but has not been marked @Optional or defined
in C:\Users\QEdge ojt2\AppData\Local\Temp\testng-eclipse--1294245280\testng-customsuite.xml">
      <![CDATA[org.testng.TestNGException: 
Parameter 'Browser' is required by @Configuration on method setUp but has not been marked @Optional or defined
in C:\Users\QEdge ojt2\AppData\Local\Temp\testng-eclipse--1294245280\testng-customsuite.xml
	at org.testng.internal.Parameters.createParameters(Parameters.java:154)
	at org.testng.internal.Parameters.createParameters(Parameters.java:361)
	at org.testng.internal.Parameters.createConfigurationParameters(Parameters.java:84)
	at org.testng.internal.Invoker.invokeConfigurations(Invoker.java:197)
	at org.testng.internal.Invoker.invokeConfigurations(Invoker.java:138)
	at org.testng.TestRunner.beforeRun(TestRunner.java:648)
	at org.testng.TestRunner.run(TestRunner.java:616)
	at org.testng.SuiteRunner.runTest(SuiteRunner.java:359)
	at org.testng.SuiteRunner.runSequentially(SuiteRunner.java:354)
	at org.testng.SuiteRunner.privateRun(SuiteRunner.java:312)
	at org.testng.SuiteRunner.run(SuiteRunner.java:261)
	at org.testng.SuiteRunnerWorker.runSuite(SuiteRunnerWorker.java:52)
	at org.testng.SuiteRunnerWorker.run(SuiteRunnerWorker.java:86)
	at org.testng.TestNG.runSuitesSequentially(TestNG.java:1215)
	at org.testng.TestNG.runSuitesLocally(TestNG.java:1140)
	at org.testng.TestNG.run(TestNG.java:1048)
	at org.testng.remote.AbstractRemoteTestNG.run(AbstractRemoteTestNG.java:114)
	at org.testng.remote.RemoteTestNG.initAndRun(RemoteTestNG.java:251)
	at org.testng.remote.RemoteTestNG.main(RemoteTestNG.java:77)
]]>
    </failure>
  </testcase> <!-- @BeforeTest setUp -->
  <testcase name="@AfterTest tearDown" time="0.0" classname="jan31.CrossBrowerTesting">
    <skipped/>
  </testcase> <!-- @AfterTest tearDown -->
  <testcase name="verylogin" time="0.006" classname="jan31.CrossBrowerTesting">
    <skipped/>
  </testcase> <!-- verylogin -->
  <testcase name="verylogin" time="0.001" classname="jan31.CrossBrowerTesting">
    <skipped/>
  </testcase> <!-- verylogin -->
  <testcase name="verylogin" time="0.0" classname="jan31.CrossBrowerTesting">
    <skipped/>
  </testcase> <!-- verylogin -->
  <testcase name="verylogin" time="0.001" classname="jan31.CrossBrowerTesting">
    <skipped/>
  </testcase> <!-- verylogin -->
</testsuite> <!-- Default test -->
